<?xml version="1.0" encoding="UTF-8"?>
<testsuite name="ohtu.matkakortti.KassapaateTest" tests="4" skipped="0" failures="0" errors="0" timestamp="2021-11-29T18:05:42" hostname="lx0-fuxi122" time="0.266">
  <properties/>
  <testcase name="lataaLisääPositiivisenMaaran" classname="ohtu.matkakortti.KassapaateTest" time="0.261"/>
  <testcase name="kortiltaVelotetaanHintaJosRahaaOn" classname="ohtu.matkakortti.KassapaateTest" time="0.004"/>
  <testcase name="korttiEiTeeMitaanNegatiiviselle" classname="ohtu.matkakortti.KassapaateTest" time="0.001"/>
  <testcase name="kortiltaEiVelotetaJosRahaEiRiita" classname="ohtu.matkakortti.KassapaateTest" time="0.0"/>
  <system-out><![CDATA[]]></system-out>
  <system-err><![CDATA[]]></system-err>
</testsuite>
